<?xml version="1.0"?>
<!DOCTYPE coverage SYSTEM "http://cobertura.sourceforge.net/xml/coverage-04.dtd">

<coverage line-rate="0.16815597075548336" branch-rate="0.11467889908256881" lines-covered="621" lines-valid="3693" branches-covered="25" branches-valid="218" complexity="1.1070574162679425" version="2.1.1" timestamp="1471642689905">
	<sources>
		<source>C:/Users/WadeJensen/Dropbox/02_Integral/ovs/src/main/java</source>
		<source>--source</source>
	</sources>
	<packages>
		<package name="au.com.integraltech.ovs.persistence.dao" line-rate="1.0" branch-rate="1.0" complexity="1.0">
			<classes>
				<class name="au.com.integraltech.ovs.persistence.dao.BuildPlanMetalRepository" filename="au/com/integraltech/ovs/persistence/dao/BuildPlanMetalRepository.java" line-rate="1.0" branch-rate="1.0" complexity="1.0">
					<methods>
					</methods>
					<lines>
					</lines>
				</class>
				<class name="au.com.integraltech.ovs.persistence.dao.BuildPlanOutputRepository" filename="au/com/integraltech/ovs/persistence/dao/BuildPlanOutputRepository.java" line-rate="1.0" branch-rate="1.0" complexity="1.0">
					<methods>
					</methods>
					<lines>
					</lines>
				</class>
				<class name="au.com.integraltech.ovs.persistence.dao.BuildPlanPlausibilityMetalRepository" filename="au/com/integraltech/ovs/persistence/dao/BuildPlanPlausibilityMetalRepository.java" line-rate="1.0" branch-rate="1.0" complexity="1.0">
					<methods>
					</methods>
					<lines>
					</lines>
				</class>
				<class name="au.com.integraltech.ovs.persistence.dao.BuildPlanPlausibilityRepository" filename="au/com/integraltech/ovs/persistence/dao/BuildPlanPlausibilityRepository.java" line-rate="1.0" branch-rate="1.0" complexity="1.0">
					<methods>
					</methods>
					<lines>
					</lines>
				</class>
				<class name="au.com.integraltech.ovs.persistence.dao.BuildPlanRepository" filename="au/com/integraltech/ovs/persistence/dao/BuildPlanRepository.java" line-rate="1.0" branch-rate="1.0" complexity="1.0">
					<methods>
					</methods>
					<lines>
					</lines>
				</class>
				<class name="au.com.integraltech.ovs.persistence.dao.BuildPlanRiskRepository" filename="au/com/integraltech/ovs/persistence/dao/BuildPlanRiskRepository.java" line-rate="1.0" branch-rate="1.0" complexity="1.0">
					<methods>
					</methods>
					<lines>
					</lines>
				</class>
				<class name="au.com.integraltech.ovs.persistence.dao.BuilderHistoryRepository" filename="au/com/integraltech/ovs/persistence/dao/BuilderHistoryRepository.java" line-rate="1.0" branch-rate="1.0" complexity="1.0">
					<methods>
					</methods>
					<lines>
					</lines>
				</class>
				<class name="au.com.integraltech.ovs.persistence.dao.BuilderRepository" filename="au/com/integraltech/ovs/persistence/dao/BuilderRepository.java" line-rate="1.0" branch-rate="1.0" complexity="1.0">
					<methods>
					</methods>
					<lines>
					</lines>
				</class>
				<class name="au.com.integraltech.ovs.persistence.dao.CompanyFinancialRepository" filename="au/com/integraltech/ovs/persistence/dao/CompanyFinancialRepository.java" line-rate="1.0" branch-rate="1.0" complexity="1.0">
					<methods>
					</methods>
					<lines>
					</lines>
				</class>
				<class name="au.com.integraltech.ovs.persistence.dao.CompanyRepository" filename="au/com/integraltech/ovs/persistence/dao/CompanyRepository.java" line-rate="1.0" branch-rate="1.0" complexity="1.0">
					<methods>
					</methods>
					<lines>
					</lines>
				</class>
				<class name="au.com.integraltech.ovs.persistence.dao.CountryRepository" filename="au/com/integraltech/ovs/persistence/dao/CountryRepository.java" line-rate="1.0" branch-rate="1.0" complexity="1.0">
					<methods>
					</methods>
					<lines>
					</lines>
				</class>
				<class name="au.com.integraltech.ovs.persistence.dao.CurrencyRepository" filename="au/com/integraltech/ovs/persistence/dao/CurrencyRepository.java" line-rate="1.0" branch-rate="1.0" complexity="1.0">
					<methods>
					</methods>
					<lines>
					</lines>
				</class>
				<class name="au.com.integraltech.ovs.persistence.dao.MetalRepository" filename="au/com/integraltech/ovs/persistence/dao/MetalRepository.java" line-rate="1.0" branch-rate="1.0" complexity="1.0">
					<methods>
					</methods>
					<lines>
					</lines>
				</class>
				<class name="au.com.integraltech.ovs.persistence.dao.PasswordResetTokenRepository" filename="au/com/integraltech/ovs/persistence/dao/PasswordResetTokenRepository.java" line-rate="1.0" branch-rate="1.0" complexity="1.0">
					<methods>
					</methods>
					<lines>
					</lines>
				</class>
				<class name="au.com.integraltech.ovs.persistence.dao.PrivilegeRepository" filename="au/com/integraltech/ovs/persistence/dao/PrivilegeRepository.java" line-rate="1.0" branch-rate="1.0" complexity="1.0">
					<methods>
					</methods>
					<lines>
					</lines>
				</class>
				<class name="au.com.integraltech.ovs.persistence.dao.ProjectMetalRepository" filename="au/com/integraltech/ovs/persistence/dao/ProjectMetalRepository.java" line-rate="1.0" branch-rate="1.0" complexity="1.0">
					<methods>
					</methods>
					<lines>
					</lines>
				</class>
				<class name="au.com.integraltech.ovs.persistence.dao.ProjectRepository" filename="au/com/integraltech/ovs/persistence/dao/ProjectRepository.java" line-rate="1.0" branch-rate="1.0" complexity="1.0">
					<methods>
					</methods>
					<lines>
					</lines>
				</class>
				<class name="au.com.integraltech.ovs.persistence.dao.RoleRepository" filename="au/com/integraltech/ovs/persistence/dao/RoleRepository.java" line-rate="1.0" branch-rate="1.0" complexity="1.0">
					<methods>
					</methods>
					<lines>
					</lines>
				</class>
				<class name="au.com.integraltech.ovs.persistence.dao.UserRepository" filename="au/com/integraltech/ovs/persistence/dao/UserRepository.java" line-rate="1.0" branch-rate="1.0" complexity="1.0">
					<methods>
					</methods>
					<lines>
					</lines>
				</class>
				<class name="au.com.integraltech.ovs.persistence.dao.VerificationTokenRepository" filename="au/com/integraltech/ovs/persistence/dao/VerificationTokenRepository.java" line-rate="1.0" branch-rate="1.0" complexity="1.0">
					<methods>
					</methods>
					<lines>
					</lines>
				</class>
			</classes>
		</package>
		<package name="au.com.integraltech.ovs.persistence.model" line-rate="0.20704845814977973" branch-rate="0.027777777777777776" complexity="1.0870406189555126">
			<classes>
				<class name="au.com.integraltech.ovs.persistence.model.BuildPlan" filename="au/com/integraltech/ovs/persistence/model/BuildPlan.java" line-rate="0.20116618075801748" branch-rate="0.25" complexity="1.0091324200913243">
					<methods>
						<method name="&lt;init&gt;" signature="()V" line-rate="1.0" branch-rate="1.0" complexity="0">
							<lines>
								<line number="362" hits="308" branch="false"/>
								<line number="363" hits="308" branch="false"/>
								<line number="364" hits="308" branch="false"/>
								<line number="366" hits="308" branch="false"/>
								<line number="367" hits="308" branch="false"/>
								<line number="368" hits="308" branch="false"/>
								<line number="369" hits="308" branch="false"/>
								<line number="370" hits="308" branch="false"/>
								<line number="371" hits="308" branch="false"/>
								<line number="372" hits="308" branch="false"/>
							</lines>
						</method>
						<method name="addBuildPlanMetal" signature="(Lau/com/integraltech/ovs/persistence/model/BuildPlanMetal;)V" line-rate="0.0" branch-rate="1.0" complexity="0">
							<lines>
								<line number="1251" hits="0" branch="false"/>
								<line number="1252" hits="0" branch="false"/>
							</lines>
						</method>
						<method name="addBuildPlanOutput" signature="(Lau/com/integraltech/ovs/persistence/model/BuildPlanOutput;)V" line-rate="0.0" branch-rate="1.0" complexity="0">
							<lines>
								<line number="375" hits="0" branch="false"/>
								<line number="376" hits="0" branch="false"/>
							</lines>
						</method>
						<method name="getBuildPlanId" signature="()Ljava/lang/Integer;" line-rate="1.0" branch-rate="1.0" complexity="0">
							<lines>
								<line number="386" hits="36" branch="false"/>
							</lines>
						</method>
						<method name="getBuildPlanMetals" signature="()Ljava/util/List;" line-rate="0.75" branch-rate="0.5" complexity="0">
							<lines>
								<line number="1235" hits="6" branch="true" condition-coverage="50% (1/2)">
									<conditions>
										<condition number="0" type="jump" coverage="50%"/>
									</conditions>
								</line>
								<line number="1236" hits="0" branch="false"/>
								<line number="1238" hits="6" branch="false"/>
								<line number="1241" hits="6" branch="false"/>
							</lines>
						</method>
						<method name="getBuildPlanOutput" signature="()Lau/com/integraltech/ovs/persistence/model/BuildPlanOutput;" line-rate="1.0" branch-rate="1.0" complexity="0">
							<lines>
								<line number="1210" hits="8" branch="false"/>
							</lines>
						</method>
						<method name="getBuildPlanPredecessorFk" signature="()Ljava/lang/Integer;" line-rate="0.0" branch-rate="1.0" complexity="0">
							<lines>
								<line number="394" hits="0" branch="false"/>
							</lines>
						</method>
						<method name="getBuildPlanRisk" signature="()Lau/com/integraltech/ovs/persistence/model/BuildPlanRisk;" line-rate="0.0" branch-rate="1.0" complexity="0">
							<lines>
								<line number="402" hits="0" branch="false"/>
							</lines>
						</method>
						<method name="getBuildPlanSourceIdFk" signature="()Ljava/lang/Integer;" line-rate="0.0" branch-rate="1.0" complexity="0">
							<lines>
								<line number="410" hits="0" branch="false"/>
							</lines>
						</method>
						<method name="getBuilder" signature="()Lau/com/integraltech/ovs/persistence/model/Builder;" line-rate="1.0" branch-rate="1.0" complexity="0">
							<lines>
								<line number="1218" hits="4" branch="false"/>
							</lines>
						</method>
						<method name="getCapCost" signature="()Ljava/lang/Double;" line-rate="1.0" branch-rate="1.0" complexity="0">
							<lines>
								<line number="418" hits="12" branch="false"/>
							</lines>
						</method>
						<method name="getCapCostChoice" signature="()Ljava/lang/Integer;" line-rate="0.0" branch-rate="1.0" complexity="0">
							<lines>
								<line number="426" hits="0" branch="false"/>
							</lines>
						</method>
						<method name="getCapCostCur" signature="()Ljava/lang/String;" line-rate="0.0" branch-rate="1.0" complexity="0">
							<lines>
								<line number="434" hits="0" branch="false"/>
							</lines>
						</method>
						<method name="getCapCostNote" signature="()Ljava/lang/String;" line-rate="0.0" branch-rate="1.0" complexity="0">
							<lines>
								<line number="442" hits="0" branch="false"/>
							</lines>
						</method>
						<method name="getCapCostNoteIsPublic" signature="()Ljava/lang/Boolean;" line-rate="1.0" branch-rate="1.0" complexity="0">
							<lines>
								<line number="450" hits="4" branch="false"/>
							</lines>
						</method>
						<method name="getCapCostUsd" signature="()Ljava/lang/Double;" line-rate="0.0" branch-rate="1.0" complexity="0">
							<lines>
								<line number="458" hits="0" branch="false"/>
							</lines>
						</method>
						<method name="getConTranCostCur" signature="()Ljava/lang/String;" line-rate="0.0" branch-rate="1.0" complexity="0">
							<lines>
								<line number="466" hits="0" branch="false"/>
							</lines>
						</method>
						<method name="getCostSourceId" signature="()Ljava/lang/Integer;" line-rate="0.0" branch-rate="1.0" complexity="0">
							<lines>
								<line number="474" hits="0" branch="false"/>
							</lines>
						</method>
						<method name="getDateConfirmed" signature="()Ljava/sql/Timestamp;" line-rate="1.0" branch-rate="1.0" complexity="0">
							<lines>
								<line number="482" hits="4" branch="false"/>
							</lines>
						</method>
						<method name="getDateCreated" signature="()Ljava/sql/Timestamp;" line-rate="0.0" branch-rate="1.0" complexity="0">
							<lines>
								<line number="490" hits="0" branch="false"/>
							</lines>
						</method>
						<method name="getDateLastAccess" signature="()Ljava/sql/Timestamp;" line-rate="0.0" branch-rate="1.0" complexity="0">
							<lines>
								<line number="498" hits="0" branch="false"/>
							</lines>
						</method>
						<method name="getDatePosted" signature="()Ljava/sql/Timestamp;" line-rate="0.0" branch-rate="1.0" complexity="0">
							<lines>
								<line number="506" hits="0" branch="false"/>
							</lines>
						</method>
						<method name="getDateRetired" signature="()Ljava/sql/Timestamp;" line-rate="0.0" branch-rate="1.0" complexity="0">
							<lines>
								<line number="514" hits="0" branch="false"/>
							</lines>
						</method>
						<method name="getDateUpdated" signature="()Ljava/sql/Timestamp;" line-rate="0.0" branch-rate="1.0" complexity="0">
							<lines>
								<line number="522" hits="0" branch="false"/>
							</lines>
						</method>
						<method name="getDepositIsValid" signature="()Ljava/lang/Boolean;" line-rate="0.0" branch-rate="1.0" complexity="0">
							<lines>
								<line number="530" hits="0" branch="false"/>
							</lines>
						</method>
						<method name="getDepositSourceId" signature="()Ljava/lang/Integer;" line-rate="0.0" branch-rate="1.0" complexity="0">
							<lines>
								<line number="538" hits="0" branch="false"/>
							</lines>
						</method>
						<method name="getEstStartupYear" signature="()Ljava/lang/Integer;" line-rate="1.0" branch-rate="1.0" complexity="0">
							<lines>
								<line number="546" hits="4" branch="false"/>
							</lines>
						</method>
						<method name="getEstStartupYearChoice" signature="()Ljava/lang/Integer;" line-rate="0.0" branch-rate="1.0" complexity="0">
							<lines>
								<line number="554" hits="0" branch="false"/>
							</lines>
						</method>
						<method name="getEstStartupYearNote" signature="()Ljava/lang/String;" line-rate="1.0" branch-rate="1.0" complexity="0">
							<lines>
								<line number="562" hits="10" branch="false"/>
							</lines>
						</method>
						<method name="getEstStartupYearNoteIsPublic" signature="()Ljava/lang/Boolean;" line-rate="0.0" branch-rate="1.0" complexity="0">
							<lines>
								<line number="570" hits="0" branch="false"/>
							</lines>
						</method>
						<method name="getIrrat" signature="()Ljava/lang/Double;" line-rate="0.0" branch-rate="1.0" complexity="0">
							<lines>
								<line number="578" hits="0" branch="false"/>
							</lines>
						</method>
						<method name="getIrrpt" signature="()Ljava/lang/Double;" line-rate="0.0" branch-rate="1.0" complexity="0">
							<lines>
								<line number="586" hits="0" branch="false"/>
							</lines>
						</method>
						<method name="getIsShared" signature="()Ljava/lang/Boolean;" line-rate="0.0" branch-rate="1.0" complexity="0">
							<lines>
								<line number="594" hits="0" branch="false"/>
							</lines>
						</method>
						<method name="getIsValid" signature="()Ljava/lang/Boolean;" line-rate="0.0" branch-rate="1.0" complexity="0">
							<lines>
								<line number="602" hits="0" branch="false"/>
							</lines>
						</method>
						<method name="getLomCashFlowAt" signature="()Ljava/lang/Double;" line-rate="0.0" branch-rate="1.0" complexity="0">
							<lines>
								<line number="610" hits="0" branch="false"/>
							</lines>
						</method>
						<method name="getLomCashFlowPt" signature="()Ljava/lang/Double;" line-rate="0.0" branch-rate="1.0" complexity="0">
							<lines>
								<line number="618" hits="0" branch="false"/>
							</lines>
						</method>
						<method name="getMineCostIsValid" signature="()Ljava/lang/Boolean;" line-rate="0.0" branch-rate="1.0" complexity="0">
							<lines>
								<line number="626" hits="0" branch="false"/>
							</lines>
						</method>
						<method name="getMineLife" signature="()Ljava/lang/Double;" line-rate="0.0" branch-rate="1.0" complexity="0">
							<lines>
								<line number="634" hits="0" branch="false"/>
							</lines>
						</method>
						<method name="getMineRevenueIsValid" signature="()Ljava/lang/Boolean;" line-rate="0.0" branch-rate="1.0" complexity="0">
							<lines>
								<line number="642" hits="0" branch="false"/>
							</lines>
						</method>
						<method name="getMineRiskIsValid" signature="()Ljava/lang/Boolean;" line-rate="0.0" branch-rate="1.0" complexity="0">
							<lines>
								<line number="650" hits="0" branch="false"/>
							</lines>
						</method>
						<method name="getMineScenarioIsValid" signature="()Ljava/lang/Boolean;" line-rate="0.0" branch-rate="1.0" complexity="0">
							<lines>
								<line number="658" hits="0" branch="false"/>
							</lines>
						</method>
						<method name="getMiningCost" signature="()Ljava/lang/Double;" line-rate="1.0" branch-rate="1.0" complexity="0">
							<lines>
								<line number="666" hits="2" branch="false"/>
							</lines>
						</method>
						<method name="getMiningCostChoice" signature="()Ljava/lang/Integer;" line-rate="0.0" branch-rate="1.0" complexity="0">
							<lines>
								<line number="674" hits="0" branch="false"/>
							</lines>
						</method>
						<method name="getMiningCostCur" signature="()Ljava/lang/String;" line-rate="0.0" branch-rate="1.0" complexity="0">
							<lines>
								<line number="682" hits="0" branch="false"/>
							</lines>
						</method>
						<method name="getMiningCostNote" signature="()Ljava/lang/String;" line-rate="0.0" branch-rate="1.0" complexity="0">
							<lines>
								<line number="690" hits="0" branch="false"/>
							</lines>
						</method>
						<method name="getMiningCostNoteIsPublic" signature="()Ljava/lang/Boolean;" line-rate="0.0" branch-rate="1.0" complexity="0">
							<lines>
								<line number="698" hits="0" branch="false"/>
							</lines>
						</method>
						<method name="getMiningCostUsd" signature="()Ljava/lang/Double;" line-rate="0.0" branch-rate="1.0" complexity="0">
							<lines>
								<line number="706" hits="0" branch="false"/>
							</lines>
						</method>
						<method name="getMiningRate" signature="()Ljava/lang/Double;" line-rate="1.0" branch-rate="1.0" complexity="0">
							<lines>
								<line number="714" hits="10" branch="false"/>
							</lines>
						</method>
						<method name="getMiningRateChoice" signature="()Ljava/lang/Integer;" line-rate="0.0" branch-rate="1.0" complexity="0">
							<lines>
								<line number="722" hits="0" branch="false"/>
							</lines>
						</method>
						<method name="getMiningRateNote" signature="()Ljava/lang/String;" line-rate="0.0" branch-rate="1.0" complexity="0">
							<lines>
								<line number="730" hits="0" branch="false"/>
							</lines>
						</method>
						<method name="getMiningRateNoteIsPublic" signature="()Ljava/lang/Boolean;" line-rate="0.0" branch-rate="1.0" complexity="0">
							<lines>
								<line number="738" hits="0" branch="false"/>
							</lines>
						</method>
						<method name="getMiningTypeChoice" signature="()Ljava/lang/Integer;" line-rate="0.0" branch-rate="1.0" complexity="0">
							<lines>
								<line number="746" hits="0" branch="false"/>
							</lines>
						</method>
						<method name="getMiningTypeId" signature="()Ljava/lang/Integer;" line-rate="0.0" branch-rate="1.0" complexity="0">
							<lines>
								<line number="754" hits="0" branch="false"/>
							</lines>
						</method>
						<method name="getMiningTypeNote" signature="()Ljava/lang/String;" line-rate="0.0" branch-rate="1.0" complexity="0">
							<lines>
								<line number="762" hits="0" branch="false"/>
							</lines>
						</method>
						<method name="getMiningTypeNoteIsPublic" signature="()Ljava/lang/Boolean;" line-rate="0.0" branch-rate="1.0" complexity="0">
							<lines>
								<line number="770" hits="0" branch="false"/>
							</lines>
						</method>
						<method name="getNote" signature="()Ljava/lang/String;" line-rate="0.0" branch-rate="1.0" complexity="0">
							<lines>
								<line number="778" hits="0" branch="false"/>
							</lines>
						</method>
						<method name="getNoteIsPublic" signature="()Ljava/lang/Boolean;" line-rate="0.0" branch-rate="1.0" complexity="0">
							<lines>
								<line number="786" hits="0" branch="false"/>
							</lines>
						</method>
						<method name="getNpvat" signature="()Ljava/lang/Double;" line-rate="0.0" branch-rate="1.0" complexity="0">
							<lines>
								<line number="794" hits="0" branch="false"/>
							</lines>
						</method>
						<method name="getNpvpt" signature="()Ljava/lang/Double;" line-rate="1.0" branch-rate="1.0" complexity="0">
							<lines>
								<line number="802" hits="4" branch="false"/>
							</lines>
						</method>
						<method name="getOtherCost" signature="()Ljava/lang/Double;" line-rate="1.0" branch-rate="1.0" complexity="0">
							<lines>
								<line number="810" hits="2" branch="false"/>
							</lines>
						</method>
						<method name="getOtherCostChoice" signature="()Ljava/lang/Integer;" line-rate="0.0" branch-rate="1.0" complexity="0">
							<lines>
								<line number="818" hits="0" branch="false"/>
							</lines>
						</method>
						<method name="getOtherCostCur" signature="()Ljava/lang/String;" line-rate="0.0" branch-rate="1.0" complexity="0">
							<lines>
								<line number="826" hits="0" branch="false"/>
							</lines>
						</method>
						<method name="getOtherCostNote" signature="()Ljava/lang/String;" line-rate="0.0" branch-rate="1.0" complexity="0">
							<lines>
								<line number="834" hits="0" branch="false"/>
							</lines>
						</method>
						<method name="getOtherCostNoteIsPublic" signature="()Ljava/lang/Boolean;" line-rate="0.0" branch-rate="1.0" complexity="0">
							<lines>
								<line number="842" hits="0" branch="false"/>
							</lines>
						</method>
						<method name="getOtherCostUsd" signature="()Ljava/lang/Double;" line-rate="0.0" branch-rate="1.0" complexity="0">
							<lines>
								<line number="850" hits="0" branch="false"/>
							</lines>
						</method>
						<method name="getPackbackAt" signature="()Ljava/lang/Double;" line-rate="0.0" branch-rate="1.0" complexity="0">
							<lines>
								<line number="858" hits="0" branch="false"/>
							</lines>
						</method>
						<method name="getPaybackPt" signature="()Ljava/lang/Double;" line-rate="0.0" branch-rate="1.0" complexity="0">
							<lines>
								<line number="866" hits="0" branch="false"/>
							</lines>
						</method>
						<method name="getPlanIdPosted" signature="()Ljava/lang/Integer;" line-rate="0.0" branch-rate="1.0" complexity="0">
							<lines>
								<line number="874" hits="0" branch="false"/>
							</lines>
						</method>
						<method name="getPlanName" signature="()Ljava/lang/String;" line-rate="1.0" branch-rate="1.0" complexity="0">
							<lines>
								<line number="882" hits="8" branch="false"/>
							</lines>
						</method>
						<method name="getPlanPredecessorId" signature="()Ljava/lang/Integer;" line-rate="0.0" branch-rate="1.0" complexity="0">
							<lines>
								<line number="890" hits="0" branch="false"/>
							</lines>
						</method>
						<method name="getProcessingCost" signature="()Ljava/lang/Double;" line-rate="1.0" branch-rate="1.0" complexity="0">
							<lines>
								<line number="898" hits="2" branch="false"/>
							</lines>
						</method>
						<method name="getProcessingCostChoice" signature="()Ljava/lang/Integer;" line-rate="0.0" branch-rate="1.0" complexity="0">
							<lines>
								<line number="906" hits="0" branch="false"/>
							</lines>
						</method>
						<method name="getProcessingCostCur" signature="()Ljava/lang/String;" line-rate="0.0" branch-rate="1.0" complexity="0">
							<lines>
								<line number="914" hits="0" branch="false"/>
							</lines>
						</method>
						<method name="getProcessingCostNote" signature="()Ljava/lang/String;" line-rate="0.0" branch-rate="1.0" complexity="0">
							<lines>
								<line number="922" hits="0" branch="false"/>
							</lines>
						</method>
						<method name="getProcessingCostNoteIsPublic" signature="()Ljava/lang/Boolean;" line-rate="0.0" branch-rate="1.0" complexity="0">
							<lines>
								<line number="930" hits="0" branch="false"/>
							</lines>
						</method>
						<method name="getProcessingCostUsd" signature="()Ljava/lang/Double;" line-rate="0.0" branch-rate="1.0" complexity="0">
							<lines>
								<line number="938" hits="0" branch="false"/>
							</lines>
						</method>
						<method name="getProject" signature="()Lau/com/integraltech/ovs/persistence/model/Project;" line-rate="1.0" branch-rate="1.0" complexity="0">
							<lines>
								<line number="1226" hits="4" branch="false"/>
							</lines>
						</method>
						<method name="getReport" signature="()Ljava/lang/String;" line-rate="0.0" branch-rate="1.0" complexity="0">
							<lines>
								<line number="946" hits="0" branch="false"/>
							</lines>
						</method>
						<method name="getReportIdFk" signature="()Ljava/lang/Integer;" line-rate="0.0" branch-rate="1.0" complexity="0">
							<lines>
								<line number="954" hits="0" branch="false"/>
							</lines>
						</method>
						<method name="getRockValueGross" signature="()Ljava/lang/Double;" line-rate="0.0" branch-rate="1.0" complexity="0">
							<lines>
								<line number="962" hits="0" branch="false"/>
							</lines>
						</method>
						<method name="getRockValuePayable" signature="()Ljava/lang/Double;" line-rate="0.0" branch-rate="1.0" complexity="0">
							<lines>
								<line number="970" hits="0" branch="false"/>
							</lines>
						</method>
						<method name="getRockValueRecoverable" signature="()Ljava/lang/Double;" line-rate="0.0" branch-rate="1.0" complexity="0">
							<lines>
								<line number="978" hits="0" branch="false"/>
							</lines>
						</method>
						<method name="getSourceNote" signature="()Ljava/lang/String;" line-rate="0.0" branch-rate="1.0" complexity="0">
							<lines>
								<line number="986" hits="0" branch="false"/>
							</lines>
						</method>
						<method name="getSourceNoteIsPublic" signature="()Ljava/lang/Boolean;" line-rate="0.0" branch-rate="1.0" complexity="0">
							<lines>
								<line number="994" hits="0" branch="false"/>
							</lines>
						</method>
						<method name="getSourceTypeId" signature="()Ljava/lang/Integer;" line-rate="0.0" branch-rate="1.0" complexity="0">
							<lines>
								<line number="1002" hits="0" branch="false"/>
							</lines>
						</method>
						<method name="getStatusIdFk" signature="()Ljava/lang/Integer;" line-rate="0.0" branch-rate="1.0" complexity="0">
							<lines>
								<line number="1010" hits="0" branch="false"/>
							</lines>
						</method>
						<method name="getStripRate" signature="()Ljava/lang/Double;" line-rate="1.0" branch-rate="1.0" complexity="0">
							<lines>
								<line number="1018" hits="2" branch="false"/>
							</lines>
						</method>
						<method name="getStripRateChoice" signature="()Ljava/lang/Integer;" line-rate="0.0" branch-rate="1.0" complexity="0">
							<lines>
								<line number="1026" hits="0" branch="false"/>
							</lines>
						</method>
						<method name="getStripRateNote" signature="()Ljava/lang/String;" line-rate="0.0" branch-rate="1.0" complexity="0">
							<lines>
								<line number="1034" hits="0" branch="false"/>
							</lines>
						</method>
						<method name="getStripRateNoteIsPublic" signature="()Ljava/lang/Boolean;" line-rate="0.0" branch-rate="1.0" complexity="0">
							<lines>
								<line number="1042" hits="0" branch="false"/>
							</lines>
						</method>
						<method name="getSustCostLom" signature="()Ljava/lang/Double;" line-rate="1.0" branch-rate="1.0" complexity="0">
							<lines>
								<line number="1050" hits="2" branch="false"/>
							</lines>
						</method>
						<method name="getSustCostLomChoice" signature="()Ljava/lang/Integer;" line-rate="0.0" branch-rate="1.0" complexity="0">
							<lines>
								<line number="1058" hits="0" branch="false"/>
							</lines>
						</method>
						<method name="getSustCostLomCur" signature="()Ljava/lang/String;" line-rate="0.0" branch-rate="1.0" complexity="0">
							<lines>
								<line number="1066" hits="0" branch="false"/>
							</lines>
						</method>
						<method name="getSustCostLomNote" signature="()Ljava/lang/String;" line-rate="0.0" branch-rate="1.0" complexity="0">
							<lines>
								<line number="1074" hits="0" branch="false"/>
							</lines>
						</method>
						<method name="getSustCostLomNoteIsPublic" signature="()Ljava/lang/Boolean;" line-rate="0.0" branch-rate="1.0" complexity="0">
							<lines>
								<line number="1082" hits="0" branch="false"/>
							</lines>
						</method>
						<method name="getSustCostLomUsd" signature="()Ljava/lang/Double;" line-rate="0.0" branch-rate="1.0" complexity="0">
							<lines>
								<line number="1090" hits="0" branch="false"/>
							</lines>
						</method>
						<method name="getTaxRate" signature="()Ljava/lang/Double;" line-rate="0.0" branch-rate="1.0" complexity="0">
							<lines>
								<line number="1098" hits="0" branch="false"/>
							</lines>
						</method>
						<method name="getTaxRateChoice" signature="()Ljava/lang/Integer;" line-rate="0.0" branch-rate="1.0" complexity="0">
							<lines>
								<line number="1106" hits="0" branch="false"/>
							</lines>
						</method>
						<method name="getTaxRateNote" signature="()Ljava/lang/String;" line-rate="0.0" branch-rate="1.0" complexity="0">
							<lines>
								<line number="1114" hits="0" branch="false"/>
							</lines>
						</method>
						<method name="getTaxRateNoteIsPublic" signature="()Ljava/lang/Boolean;" line-rate="0.0" branch-rate="1.0" complexity="0">
							<lines>
								<line number="1122" hits="0" branch="false"/>
							</lines>
						</method>
						<method name="getTaxTreatmentChoice" signature="()Ljava/lang/Integer;" line-rate="0.0" branch-rate="1.0" complexity="0">
							<lines>
								<line number="1130" hits="0" branch="false"/>
							</lines>
						</method>
						<method name="getTaxTreatmentId" signature="()Ljava/lang/Integer;" line-rate="0.0" branch-rate="1.0" complexity="0">
							<lines>
								<line number="1138" hits="0" branch="false"/>
							</lines>
						</method>
						<method name="getTaxTreatmentNote" signature="()Ljava/lang/String;" line-rate="0.0" branch-rate="1.0" complexity="0">
							<lines>
								<line number="1146" hits="0" branch="false"/>
							</lines>
						</method>
						<method name="getTaxTreatmentNoteIsPublic" signature="()Ljava/lang/Boolean;" line-rate="0.0" branch-rate="1.0" complexity="0">
							<lines>
								<line number="1154" hits="0" branch="false"/>
							</lines>
						</method>
						<method name="getTonnage" signature="()Ljava/lang/Double;" line-rate="1.0" branch-rate="1.0" complexity="0">
							<lines>
								<line number="1162" hits="10" branch="false"/>
							</lines>
						</method>
						<method name="getTonnageChoice" signature="()Ljava/lang/Integer;" line-rate="0.0" branch-rate="1.0" complexity="0">
							<lines>
								<line number="1170" hits="0" branch="false"/>
							</lines>
						</method>
						<method name="getTonnageId" signature="()Ljava/lang/Integer;" line-rate="0.0" branch-rate="1.0" complexity="0">
							<lines>
								<line number="1178" hits="0" branch="false"/>
							</lines>
						</method>
						<method name="getTonnageNote" signature="()Ljava/lang/String;" line-rate="0.0" branch-rate="1.0" complexity="0">
							<lines>
								<line number="1186" hits="0" branch="false"/>
							</lines>
						</method>
						<method name="getTonnageNoteIsPublic" signature="()Ljava/lang/Boolean;" line-rate="0.0" branch-rate="1.0" complexity="0">
							<lines>
								<line number="1194" hits="0" branch="false"/>
							</lines>
						</method>
						<method name="getTradingCurrency" signature="()Ljava/lang/String;" line-rate="0.0" branch-rate="1.0" complexity="0">
							<lines>
								<line number="1202" hits="0" branch="false"/>
							</lines>
						</method>
						<method name="removeBuildPlanMetal" signature="(Lau/com/integraltech/ovs/persistence/model/BuildPlanMetal;)V" line-rate="0.0" branch-rate="1.0" complexity="0">
							<lines>
								<line number="1255" hits="0" branch="false"/>
								<line number="1256" hits="0" branch="false"/>
							</lines>
						</method>
						<method name="removeBuildPlanOutput" signature="(Lau/com/integraltech/ovs/persistence/model/BuildPlanOutput;)V" line-rate="0.0" branch-rate="0.0" complexity="0">
							<lines>
								<line number="379" hits="0" branch="true" condition-coverage="0% (0/2)">
									<conditions>
										<condition number="0" type="jump" coverage="0%"/>
									</conditions>
								</line>
								<line number="380" hits="0" branch="false"/>
								<line number="382" hits="0" branch="false"/>
							</lines>
						</method>
						<method name="setBuildPlanId" signature="(Ljava/lang/Integer;)V" line-rate="1.0" branch-rate="1.0" complexity="0">
							<lines>
								<line number="390" hits="2" branch="false"/>
								<line number="391" hits="2" branch="false"/>
							</lines>
						</method>
						<method name="setBuildPlanMetals" signature="(Ljava/util/List;)V" line-rate="1.0" branch-rate="1.0" complexity="0">
							<lines>
								<line number="1247" hits="28" branch="false"/>
								<line number="1248" hits="28" branch="false"/>
							</lines>
						</method>
						<method name="setBuildPlanOutput" signature="(Lau/com/integraltech/ovs/persistence/model/BuildPlanOutput;)V" line-rate="1.0" branch-rate="1.0" complexity="0">
							<lines>
								<line number="1214" hits="14" branch="false"/>
								<line number="1215" hits="14" branch="false"/>
							</lines>
						</method>
						<method name="setBuildPlanPredecessorFk" signature="(Ljava/lang/Integer;)V" line-rate="0.0" branch-rate="1.0" complexity="0">
							<lines>
								<line number="398" hits="0" branch="false"/>
								<line number="399" hits="0" branch="false"/>
							</lines>
						</method>
						<method name="setBuildPlanRisk" signature="(Lau/com/integraltech/ovs/persistence/model/BuildPlanRisk;)V" line-rate="0.0" branch-rate="1.0" complexity="0">
							<lines>
								<line number="406" hits="0" branch="false"/>
								<line number="407" hits="0" branch="false"/>
							</lines>
						</method>
						<method name="setBuildPlanSourceIdFk" signature="(Ljava/lang/Integer;)V" line-rate="0.0" branch-rate="1.0" complexity="0">
							<lines>
								<line number="414" hits="0" branch="false"/>
								<line number="415" hits="0" branch="false"/>
							</lines>
						</method>
						<method name="setBuilder" signature="(Lau/com/integraltech/ovs/persistence/model/Builder;)V" line-rate="1.0" branch-rate="1.0" complexity="0">
							<lines>
								<line number="1222" hits="6" branch="false"/>
								<line number="1223" hits="6" branch="false"/>
							</lines>
						</method>
						<method name="setCapCost" signature="(Ljava/lang/Double;)V" line-rate="1.0" branch-rate="1.0" complexity="0">
							<lines>
								<line number="422" hits="34" branch="false"/>
								<line number="423" hits="34" branch="false"/>
							</lines>
						</method>
						<method name="setCapCostChoice" signature="(Ljava/lang/Integer;)V" line-rate="0.0" branch-rate="1.0" complexity="0">
							<lines>
								<line number="430" hits="0" branch="false"/>
								<line number="431" hits="0" branch="false"/>
							</lines>
						</method>
						<method name="setCapCostCur" signature="(Ljava/lang/String;)V" line-rate="0.0" branch-rate="1.0" complexity="0">
							<lines>
								<line number="438" hits="0" branch="false"/>
								<line number="439" hits="0" branch="false"/>
							</lines>
						</method>
						<method name="setCapCostNote" signature="(Ljava/lang/String;)V" line-rate="0.0" branch-rate="1.0" complexity="0">
							<lines>
								<line number="446" hits="0" branch="false"/>
								<line number="447" hits="0" branch="false"/>
							</lines>
						</method>
						<method name="setCapCostNoteIsPublic" signature="(Ljava/lang/Boolean;)V" line-rate="1.0" branch-rate="1.0" complexity="0">
							<lines>
								<line number="454" hits="2" branch="false"/>
								<line number="455" hits="2" branch="false"/>
							</lines>
						</method>
						<method name="setCapCostUsd" signature="(Ljava/lang/Double;)V" line-rate="0.0" branch-rate="1.0" complexity="0">
							<lines>
								<line number="462" hits="0" branch="false"/>
								<line number="463" hits="0" branch="false"/>
							</lines>
						</method>
						<method name="setConTranCostCur" signature="(Ljava/lang/String;)V" line-rate="0.0" branch-rate="1.0" complexity="0">
							<lines>
								<line number="470" hits="0" branch="false"/>
								<line number="471" hits="0" branch="false"/>
							</lines>
						</method>
						<method name="setCostSourceId" signature="(Ljava/lang/Integer;)V" line-rate="0.0" branch-rate="1.0" complexity="0">
							<lines>
								<line number="478" hits="0" branch="false"/>
								<line number="479" hits="0" branch="false"/>
							</lines>
						</method>
						<method name="setDateConfirmed" signature="(Ljava/sql/Timestamp;)V" line-rate="1.0" branch-rate="1.0" complexity="0">
							<lines>
								<line number="486" hits="2" branch="false"/>
								<line number="487" hits="2" branch="false"/>
							</lines>
						</method>
						<method name="setDateCreated" signature="(Ljava/sql/Timestamp;)V" line-rate="0.0" branch-rate="1.0" complexity="0">
							<lines>
								<line number="494" hits="0" branch="false"/>
								<line number="495" hits="0" branch="false"/>
							</lines>
						</method>
						<method name="setDateLastAccess" signature="(Ljava/sql/Timestamp;)V" line-rate="0.0" branch-rate="1.0" complexity="0">
							<lines>
								<line number="502" hits="0" branch="false"/>
								<line number="503" hits="0" branch="false"/>
							</lines>
						</method>
						<method name="setDatePosted" signature="(Ljava/sql/Timestamp;)V" line-rate="0.0" branch-rate="1.0" complexity="0">
							<lines>
								<line number="510" hits="0" branch="false"/>
								<line number="511" hits="0" branch="false"/>
							</lines>
						</method>
						<method name="setDateRetired" signature="(Ljava/sql/Timestamp;)V" line-rate="0.0" branch-rate="1.0" complexity="0">
							<lines>
								<line number="518" hits="0" branch="false"/>
								<line number="519" hits="0" branch="false"/>
							</lines>
						</method>
						<method name="setDateUpdated" signature="(Ljava/sql/Timestamp;)V" line-rate="0.0" branch-rate="1.0" complexity="0">
							<lines>
								<line number="526" hits="0" branch="false"/>
								<line number="527" hits="0" branch="false"/>
							</lines>
						</method>
						<method name="setDepositIsValid" signature="(Ljava/lang/Boolean;)V" line-rate="0.0" branch-rate="1.0" complexity="0">
							<lines>
								<line number="534" hits="0" branch="false"/>
								<line number="535" hits="0" branch="false"/>
							</lines>
						</method>
						<method name="setDepositSourceId" signature="(Ljava/lang/Integer;)V" line-rate="0.0" branch-rate="1.0" complexity="0">
							<lines>
								<line number="542" hits="0" branch="false"/>
								<line number="543" hits="0" branch="false"/>
							</lines>
						</method>
						<method name="setEstStartupYear" signature="(Ljava/lang/Integer;)V" line-rate="1.0" branch-rate="1.0" complexity="0">
							<lines>
								<line number="550" hits="2" branch="false"/>
								<line number="551" hits="2" branch="false"/>
							</lines>
						</method>
						<method name="setEstStartupYearChoice" signature="(Ljava/lang/Integer;)V" line-rate="0.0" branch-rate="1.0" complexity="0">
							<lines>
								<line number="558" hits="0" branch="false"/>
								<line number="559" hits="0" branch="false"/>
							</lines>
						</method>
						<method name="setEstStartupYearNote" signature="(Ljava/lang/String;)V" line-rate="1.0" branch-rate="1.0" complexity="0">
							<lines>
								<line number="566" hits="12" branch="false"/>
								<line number="567" hits="12" branch="false"/>
							</lines>
						</method>
						<method name="setEstStartupYearNoteIsPublic" signature="(Ljava/lang/Boolean;)V" line-rate="0.0" branch-rate="1.0" complexity="0">
							<lines>
								<line number="574" hits="0" branch="false"/>
								<line number="575" hits="0" branch="false"/>
							</lines>
						</method>
						<method name="setIrrat" signature="(Ljava/lang/Double;)V" line-rate="0.0" branch-rate="1.0" complexity="0">
							<lines>
								<line number="582" hits="0" branch="false"/>
								<line number="583" hits="0" branch="false"/>
							</lines>
						</method>
						<method name="setIrrpt" signature="(Ljava/lang/Double;)V" line-rate="0.0" branch-rate="1.0" complexity="0">
							<lines>
								<line number="590" hits="0" branch="false"/>
								<line number="591" hits="0" branch="false"/>
							</lines>
						</method>
						<method name="setIsShared" signature="(Ljava/lang/Boolean;)V" line-rate="0.0" branch-rate="1.0" complexity="0">
							<lines>
								<line number="598" hits="0" branch="false"/>
								<line number="599" hits="0" branch="false"/>
							</lines>
						</method>
						<method name="setIsValid" signature="(Ljava/lang/Boolean;)V" line-rate="0.0" branch-rate="1.0" complexity="0">
							<lines>
								<line number="606" hits="0" branch="false"/>
								<line number="607" hits="0" branch="false"/>
							</lines>
						</method>
						<method name="setLomCashFlowAt" signature="(Ljava/lang/Double;)V" line-rate="0.0" branch-rate="1.0" complexity="0">
							<lines>
								<line number="614" hits="0" branch="false"/>
								<line number="615" hits="0" branch="false"/>
							</lines>
						</method>
						<method name="setLomCashFlowPt" signature="(Ljava/lang/Double;)V" line-rate="0.0" branch-rate="1.0" complexity="0">
							<lines>
								<line number="622" hits="0" branch="false"/>
								<line number="623" hits="0" branch="false"/>
							</lines>
						</method>
						<method name="setMineCostIsValid" signature="(Ljava/lang/Boolean;)V" line-rate="0.0" branch-rate="1.0" complexity="0">
							<lines>
								<line number="630" hits="0" branch="false"/>
								<line number="631" hits="0" branch="false"/>
							</lines>
						</method>
						<method name="setMineLife" signature="(Ljava/lang/Double;)V" line-rate="0.0" branch-rate="1.0" complexity="0">
							<lines>
								<line number="638" hits="0" branch="false"/>
								<line number="639" hits="0" branch="false"/>
							</lines>
						</method>
						<method name="setMineRevenueIsValid" signature="(Ljava/lang/Boolean;)V" line-rate="0.0" branch-rate="1.0" complexity="0">
							<lines>
								<line number="646" hits="0" branch="false"/>
								<line number="647" hits="0" branch="false"/>
							</lines>
						</method>
						<method name="setMineRiskIsValid" signature="(Ljava/lang/Boolean;)V" line-rate="0.0" branch-rate="1.0" complexity="0">
							<lines>
								<line number="654" hits="0" branch="false"/>
								<line number="655" hits="0" branch="false"/>
							</lines>
						</method>
						<method name="setMineScenarioIsValid" signature="(Ljava/lang/Boolean;)V" line-rate="0.0" branch-rate="1.0" complexity="0">
							<lines>
								<line number="662" hits="0" branch="false"/>
								<line number="663" hits="0" branch="false"/>
							</lines>
						</method>
						<method name="setMiningCost" signature="(Ljava/lang/Double;)V" line-rate="1.0" branch-rate="1.0" complexity="0">
							<lines>
								<line number="670" hits="26" branch="false"/>
								<line number="671" hits="26" branch="false"/>
							</lines>
						</method>
						<method name="setMiningCostChoice" signature="(Ljava/lang/Integer;)V" line-rate="0.0" branch-rate="1.0" complexity="0">
							<lines>
								<line number="678" hits="0" branch="false"/>
								<line number="679" hits="0" branch="false"/>
							</lines>
						</method>
						<method name="setMiningCostCur" signature="(Ljava/lang/String;)V" line-rate="0.0" branch-rate="1.0" complexity="0">
							<lines>
								<line number="686" hits="0" branch="false"/>
								<line number="687" hits="0" branch="false"/>
							</lines>
						</method>
						<method name="setMiningCostNote" signature="(Ljava/lang/String;)V" line-rate="0.0" branch-rate="1.0" complexity="0">
							<lines>
								<line number="694" hits="0" branch="false"/>
								<line number="695" hits="0" branch="false"/>
							</lines>
						</method>
						<method name="setMiningCostNoteIsPublic" signature="(Ljava/lang/Boolean;)V" line-rate="0.0" branch-rate="1.0" complexity="0">
							<lines>
								<line number="702" hits="0" branch="false"/>
								<line number="703" hits="0" branch="false"/>
							</lines>
						</method>
						<method name="setMiningCostUsd" signature="(Ljava/lang/Double;)V" line-rate="0.0" branch-rate="1.0" complexity="0">
							<lines>
								<line number="710" hits="0" branch="false"/>
								<line number="711" hits="0" branch="false"/>
							</lines>
						</method>
						<method name="setMiningRate" signature="(Ljava/lang/Double;)V" line-rate="1.0" branch-rate="1.0" complexity="0">
							<lines>
								<line number="718" hits="36" branch="false"/>
								<line number="719" hits="36" branch="false"/>
							</lines>
						</method>
						<method name="setMiningRateChoice" signature="(Ljava/lang/Integer;)V" line-rate="0.0" branch-rate="1.0" complexity="0">
							<lines>
								<line number="726" hits="0" branch="false"/>
								<line number="727" hits="0" branch="false"/>
							</lines>
						</method>
						<method name="setMiningRateNote" signature="(Ljava/lang/String;)V" line-rate="0.0" branch-rate="1.0" complexity="0">
							<lines>
								<line number="734" hits="0" branch="false"/>
								<line number="735" hits="0" branch="false"/>
							</lines>
						</method>
						<method name="setMiningRateNoteIsPublic" signature="(Ljava/lang/Boolean;)V" line-rate="0.0" branch-rate="1.0" complexity="0">
							<lines>
								<line number="742" hits="0" branch="false"/>
								<line number="743" hits="0" branch="false"/>
							</lines>
						</method>
						<method name="setMiningTypeChoice" signature="(Ljava/lang/Integer;)V" line-rate="0.0" branch-rate="1.0" complexity="0">
							<lines>
								<line number="750" hits="0" branch="false"/>
								<line number="751" hits="0" branch="false"/>
							</lines>
						</method>
						<method name="setMiningTypeId" signature="(Ljava/lang/Integer;)V" line-rate="0.0" branch-rate="1.0" complexity="0">
							<lines>
								<line number="758" hits="0" branch="false"/>
								<line number="759" hits="0" branch="false"/>
							</lines>
						</method>
						<method name="setMiningTypeNote" signature="(Ljava/lang/String;)V" line-rate="0.0" branch-rate="1.0" complexity="0">
							<lines>
								<line number="766" hits="0" branch="false"/>
								<line number="767" hits="0" branch="false"/>
							</lines>
						</method>
						<method name="setMiningTypeNoteIsPublic" signature="(Ljava/lang/Boolean;)V" line-rate="0.0" branch-rate="1.0" complexity="0">
							<lines>
								<line number="774" hits="0" branch="false"/>
								<line number="775" hits="0" branch="false"/>
							</lines>
						</method>
						<method name="setNote" signature="(Ljava/lang/String;)V" line-rate="0.0" branch-rate="1.0" complexity="0">
							<lines>
								<line number="782" hits="0" branch="false"/>
								<line number="783" hits="0" branch="false"/>
							</lines>
						</method>
						<method name="setNoteIsPublic" signature="(Ljava/lang/Boolean;)V" line-rate="0.0" branch-rate="1.0" complexity="0">
							<lines>
								<line number="790" hits="0" branch="false"/>
								<line number="791" hits="0" branch="false"/>
							</lines>
						</method>
						<method name="setNpvat" signature="(Ljava/lang/Double;)V" line-rate="0.0" branch-rate="1.0" complexity="0">
							<lines>
								<line number="798" hits="0" branch="false"/>
								<line number="799" hits="0" branch="false"/>
							</lines>
						</method>
						<method name="setNpvpt" signature="(Ljava/lang/Double;)V" line-rate="1.0" branch-rate="1.0" complexity="0">
							<lines>
								<line number="806" hits="2" branch="false"/>
								<line number="807" hits="2" branch="false"/>
							</lines>
						</method>
						<method name="setOtherCost" signature="(Ljava/lang/Double;)V" line-rate="1.0" branch-rate="1.0" complexity="0">
							<lines>
								<line number="814" hits="26" branch="false"/>
								<line number="815" hits="26" branch="false"/>
							</lines>
						</method>
						<method name="setOtherCostChoice" signature="(Ljava/lang/Integer;)V" line-rate="0.0" branch-rate="1.0" complexity="0">
							<lines>
								<line number="822" hits="0" branch="false"/>
								<line number="823" hits="0" branch="false"/>
							</lines>
						</method>
						<method name="setOtherCostCur" signature="(Ljava/lang/String;)V" line-rate="0.0" branch-rate="1.0" complexity="0">
							<lines>
								<line number="830" hits="0" branch="false"/>
								<line number="831" hits="0" branch="false"/>
							</lines>
						</method>
						<method name="setOtherCostNote" signature="(Ljava/lang/String;)V" line-rate="0.0" branch-rate="1.0" complexity="0">
							<lines>
								<line number="838" hits="0" branch="false"/>
								<line number="839" hits="0" branch="false"/>
							</lines>
						</method>
						<method name="setOtherCostNoteIsPublic" signature="(Ljava/lang/Boolean;)V" line-rate="0.0" branch-rate="1.0" complexity="0">
							<lines>
								<line number="846" hits="0" branch="false"/>
								<line number="847" hits="0" branch="false"/>
							</lines>
						</method>
						<method name="setOtherCostUsd" signature="(Ljava/lang/Double;)V" line-rate="0.0" branch-rate="1.0" complexity="0">
							<lines>
								<line number="854" hits="0" branch="false"/>
								<line number="855" hits="0" branch="false"/>
							</lines>
						</method>
						<method name="setPackbackAt" signature="(Ljava/lang/Double;)V" line-rate="0.0" branch-rate="1.0" complexity="0">
							<lines>
								<line number="862" hits="0" branch="false"/>
								<line number="863" hits="0" branch="false"/>
							</lines>
						</method>
						<method name="setPaybackPt" signature="(Ljava/lang/Double;)V" line-rate="0.0" branch-rate="1.0" complexity="0">
							<lines>
								<line number="870" hits="0" branch="false"/>
								<line number="871" hits="0" branch="false"/>
							</lines>
						</method>
						<method name="setPlanIdPosted" signature="(Ljava/lang/Integer;)V" line-rate="0.0" branch-rate="1.0" complexity="0">
							<lines>
								<line number="878" hits="0" branch="false"/>
								<line number="879" hits="0" branch="false"/>
							</lines>
						</method>
						<method name="setPlanName" signature="(Ljava/lang/String;)V" line-rate="1.0" branch-rate="1.0" complexity="0">
							<lines>
								<line number="886" hits="14" branch="false"/>
								<line number="887" hits="14" branch="false"/>
							</lines>
						</method>
						<method name="setPlanPredecessorId" signature="(Ljava/lang/Integer;)V" line-rate="0.0" branch-rate="1.0" complexity="0">
							<lines>
								<line number="894" hits="0" branch="false"/>
								<line number="895" hits="0" branch="false"/>
							</lines>
						</method>
						<method name="setProcessingCost" signature="(Ljava/lang/Double;)V" line-rate="1.0" branch-rate="1.0" complexity="0">
							<lines>
								<line number="902" hits="26" branch="false"/>
								<line number="903" hits="26" branch="false"/>
							</lines>
						</method>
						<method name="setProcessingCostChoice" signature="(Ljava/lang/Integer;)V" line-rate="0.0" branch-rate="1.0" complexity="0">
							<lines>
								<line number="910" hits="0" branch="false"/>
								<line number="911" hits="0" branch="false"/>
							</lines>
						</method>
						<method name="setProcessingCostCur" signature="(Ljava/lang/String;)V" line-rate="0.0" branch-rate="1.0" complexity="0">
							<lines>
								<line number="918" hits="0" branch="false"/>
								<line number="919" hits="0" branch="false"/>
							</lines>
						</method>
						<method name="setProcessingCostNote" signature="(Ljava/lang/String;)V" line-rate="0.0" branch-rate="1.0" complexity="0">
							<lines>
								<line number="926" hits="0" branch="false"/>
								<line number="927" hits="0" branch="false"/>
							</lines>
						</method>
						<method name="setProcessingCostNoteIsPublic" signature="(Ljava/lang/Boolean;)V" line-rate="0.0" branch-rate="1.0" complexity="0">
							<lines>
								<line number="934" hits="0" branch="false"/>
								<line number="935" hits="0" branch="false"/>
							</lines>
						</method>
						<method name="setProcessingCostUsd" signature="(Ljava/lang/Double;)V" line-rate="0.0" branch-rate="1.0" complexity="0">
							<lines>
								<line number="942" hits="0" branch="false"/>
								<line number="943" hits="0" branch="false"/>
							</lines>
						</method>
						<method name="setProject" signature="(Lau/com/integraltech/ovs/persistence/model/Project;)V" line-rate="1.0" branch-rate="1.0" complexity="0">
							<lines>
								<line number="1230" hits="28" branch="false"/>
								<line number="1231" hits="28" branch="false"/>
							</lines>
						</method>
						<method name="setReport" signature="(Ljava/lang/String;)V" line-rate="0.0" branch-rate="1.0" complexity="0">
							<lines>
								<line number="950" hits="0" branch="false"/>
								<line number="951" hits="0" branch="false"/>
							</lines>
						</method>
						<method name="setReportIdFk" signature="(Ljava/lang/Integer;)V" line-rate="0.0" branch-rate="1.0" complexity="0">
							<lines>
								<line number="958" hits="0" branch="false"/>
								<line number="959" hits="0" branch="false"/>
							</lines>
						</method>
						<method name="setRockValueGross" signature="(Ljava/lang/Double;)V" line-rate="0.0" branch-rate="1.0" complexity="0">
							<lines>
								<line number="966" hits="0" branch="false"/>
								<line number="967" hits="0" branch="false"/>
							</lines>
						</method>
						<method name="setRockValuePayable" signature="(Ljava/lang/Double;)V" line-rate="0.0" branch-rate="1.0" complexity="0">
							<lines>
								<line number="974" hits="0" branch="false"/>
								<line number="975" hits="0" branch="false"/>
							</lines>
						</method>
						<method name="setRockValueRecoverable" signature="(Ljava/lang/Double;)V" line-rate="0.0" branch-rate="1.0" complexity="0">
							<lines>
								<line number="982" hits="0" branch="false"/>
								<line number="983" hits="0" branch="false"/>
							</lines>
						</method>
						<method name="setSourceNote" signature="(Ljava/lang/String;)V" line-rate="0.0" branch-rate="1.0" complexity="0">
							<lines>
								<line number="990" hits="0" branch="false"/>
								<line number="991" hits="0" branch="false"/>
							</lines>
						</method>
						<method name="setSourceNoteIsPublic" signature="(Ljava/lang/Boolean;)V" line-rate="0.0" branch-rate="1.0" complexity="0">
							<lines>
								<line number="998" hits="0" branch="false"/>
								<line number="999" hits="0" branch="false"/>
							</lines>
						</method>
						<method name="setSourceTypeId" signature="(Ljava/lang/Integer;)V" line-rate="0.0" branch-rate="1.0" complexity="0">
							<lines>
								<line number="1006" hits="0" branch="false"/>
								<line number="1007" hits="0" branch="false"/>
							</lines>
						</method>
						<method name="setStatusIdFk" signature="(Ljava/lang/Integer;)V" line-rate="0.0" branch-rate="1.0" complexity="0">
							<lines>
								<line number="1014" hits="0" branch="false"/>
								<line number="1015" hits="0" branch="false"/>
							</lines>
						</method>
						<method name="setStripRate" signature="(Ljava/lang/Double;)V" line-rate="1.0" branch-rate="1.0" complexity="0">
							<lines>
								<line number="1022" hits="26" branch="false"/>
								<line number="1023" hits="26" branch="false"/>
							</lines>
						</method>
						<method name="setStripRateChoice" signature="(Ljava/lang/Integer;)V" line-rate="0.0" branch-rate="1.0" complexity="0">
							<lines>
								<line number="1030" hits="0" branch="false"/>
								<line number="1031" hits="0" branch="false"/>
							</lines>
						</method>
						<method name="setStripRateNote" signature="(Ljava/lang/String;)V" line-rate="0.0" branch-rate="1.0" complexity="0">
							<lines>
								<line number="1038" hits="0" branch="false"/>
								<line number="1039" hits="0" branch="false"/>
							</lines>
						</method>
						<method name="setStripRateNoteIsPublic" signature="(Ljava/lang/Boolean;)V" line-rate="0.0" branch-rate="1.0" complexity="0">
							<lines>
								<line number="1046" hits="0" branch="false"/>
								<line number="1047" hits="0" branch="false"/>
							</lines>
						</method>
						<method name="setSustCostLom" signature="(Ljava/lang/Double;)V" line-rate="1.0" branch-rate="1.0" complexity="0">
							<lines>
								<line number="1054" hits="26" branch="false"/>
								<line number="1055" hits="26" branch="false"/>
							</lines>
						</method>
						<method name="setSustCostLomChoice" signature="(Ljava/lang/Integer;)V" line-rate="0.0" branch-rate="1.0" complexity="0">
							<lines>
								<line number="1062" hits="0" branch="false"/>
								<line number="1063" hits="0" branch="false"/>
							</lines>
						</method>
						<method name="setSustCostLomCur" signature="(Ljava/lang/String;)V" line-rate="0.0" branch-rate="1.0" complexity="0">
							<lines>
								<line number="1070" hits="0" branch="false"/>
								<line number="1071" hits="0" branch="false"/>
							</lines>
						</method>
						<method name="setSustCostLomNote" signature="(Ljava/lang/String;)V" line-rate="0.0" branch-rate="1.0" complexity="0">
							<lines>
								<line number="1078" hits="0" branch="false"/>
								<line number="1079" hits="0" branch="false"/>
							</lines>
						</method>
						<method name="setSustCostLomNoteIsPublic" signature="(Ljava/lang/Boolean;)V" line-rate="0.0" branch-rate="1.0" complexity="0">
							<lines>
								<line number="1086" hits="0" branch="false"/>
								<line number="1087" hits="0" branch="false"/>
							</lines>
						</method>
						<method name="setSustCostLomUsd" signature="(Ljava/lang/Double;)V" line-rate="0.0" branch-rate="1.0" complexity="0">
							<lines>
								<line number="1094" hits="0" branch="false"/>
								<line number="1095" hits="0" branch="false"/>
							</lines>
						</method>
						<method name="setTaxRate" signature="(Ljava/lang/Double;)V" line-rate="0.0" branch-rate="1.0" complexity="0">
							<lines>
								<line number="1102" hits="0" branch="false"/>
								<line number="1103" hits="0" branch="false"/>
							</lines>
						</method>
						<method name="setTaxRateChoice" signature="(Ljava/lang/Integer;)V" line-rate="0.0" branch-rate="1.0" complexity="0">
							<lines>
								<line number="1110" hits="0" branch="false"/>
								<line number="1111" hits="0" branch="false"/>
							</lines>
						</method>
						<method name="setTaxRateNote" signature="(Ljava/lang/String;)V" line-rate="0.0" branch-rate="1.0" complexity="0">
							<lines>
								<line number="1118" hits="0" branch="false"/>
								<line number="1119" hits="0" branch="false"/>
							</lines>
						</method>
						<method name="setTaxRateNoteIsPublic" signature="(Ljava/lang/Boolean;)V" line-rate="0.0" branch-rate="1.0" complexity="0">
							<lines>
								<line number="1126" hits="0" branch="false"/>
								<line number="1127" hits="0" branch="false"/>
							</lines>
						</method>
						<method name="setTaxTreatmentChoice" signature="(Ljava/lang/Integer;)V" line-rate="0.0" branch-rate="1.0" complexity="0">
							<lines>
								<line number="1134" hits="0" branch="false"/>
								<line number="1135" hits="0" branch="false"/>
							</lines>
						</method>
						<method name="setTaxTreatmentId" signature="(Ljava/lang/Integer;)V" line-rate="0.0" branch-rate="1.0" complexity="0">
							<lines>
								<line number="1142" hits="0" branch="false"/>
								<line number="1143" hits="0" branch="false"/>
							</lines>
						</method>
						<method name="setTaxTreatmentNote" signature="(Ljava/lang/String;)V" line-rate="0.0" branch-rate="1.0" complexity="0">
							<lines>
								<line number="1150" hits="0" branch="false"/>
								<line number="1151" hits="0" branch="false"/>
							</lines>
						</method>
						<method name="setTaxTreatmentNoteIsPublic" signature="(Ljava/lang/Boolean;)V" line-rate="0.0" branch-rate="1.0" complexity="0">
							<lines>
								<line number="1158" hits="0" branch="false"/>
								<line number="1159" hits="0" branch="false"/>
							</lines>
						</method>
						<method name="setTonnage" signature="(Ljava/lang/Double;)V" line-rate="1.0" branch-rate="1.0" complexity="0">
							<lines>
								<line number="1166" hits="36" branch="false"/>
								<line number="1167" hits="36" branch="false"/>
							</lines>
						</method>
						<method name="setTonnageChoice" signature="(Ljava/lang/Integer;)V" line-rate="0.0" branch-rate="1.0" complexity="0">
							<lines>
								<line number="1174" hits="0" branch="false"/>
								<line number="1175" hits="0" branch="false"/>
							</lines>
						</method>
						<method name="setTonnageId" signature="(Ljava/lang/Integer;)V" line-rate="0.0" branch-rate="1.0" complexity="0">
							<lines>
								<line number="1182" hits="0" branch="false"/>
								<line number="1183" hits="0" branch="false"/>
							</lines>
						</method>
						<method name="setTonnageNote" signature="(Ljava/lang/String;)V" line-rate="0.0" branch-rate="1.0" complexity="0">
							<lines>
								<line number="1190" hits="0" branch="false"/>
								<line number="1191" hits="0" branch="false"/>
							</lines>
						</method>
						<method name="setTonnageNoteIsPublic" signature="(Ljava/lang/Boolean;)V" line-rate="0.0" branch-rate="1.0" complexity="0">
							<lines>
								<line number="1198" hits="0" branch="false"/>
								<line number="1199" hits="0" branch="false"/>
							</lines>
						</method>
						<method name="setTradingCurrency" signature="(Ljava/lang/String;)V" line-rate="0.0" branch-rate="1.0" complexity="0">
							<lines>
								<line number="1206" hits="0" branch="false"/>
								<line number="1207" hits="0" branch="false"/>
							</lines>
						</method>
					</methods>
					<lines>
						<line number="362" hits="308" branch="false"/>
						<line number="363" hits="308" branch="false"/>
						<line number="364" hits="308" branch="false"/>
						<line number="366" hits="308" branch="false"/>
						<line number="367" hits="308" branch="false"/>
						<line number="368" hits="308" branch="false"/>
						<line number="369" hits="308" branch="false"/>
						<line number="370" hits="308" branch="false"/>
						<line number="371" hits="308" branch="false"/>
						<line number="372" hits="308" branch="false"/>
						<line number="375" hits="0" branch="false"/>
						<line number="376" hits="0" branch="false"/>
						<line number="379" hits="0" branch="true" condition-coverage="0% (0/2)">
							<conditions>
								<condition number="0" type="jump" coverage="0%"/>
							</conditions>
						</line>
						<line number="380" hits="0" branch="false"/>
						<line number="382" hits="0" branch="false"/>
						<line number="386" hits="36" branch="false"/>
						<line number="390" hits="2" branch="false"/>
						<line number="391" hits="2" branch="false"/>
						<line number="394" hits="0" branch="false"/>
						<line number="398" hits="0" branch="false"/>
						<line number="399" hits="0" branch="false"/>
						<line number="402" hits="0" branch="false"/>
						<line number="406" hits="0" branch="false"/>
						<line number="407" hits="0" branch="false"/>
						<line number="410" hits="0" branch="false"/>
						<line number="414" hits="0" branch="false"/>
						<line number="415" hits="0" branch="false"/>
						<line number="418" hits="12" branch="false"/>
						<line number="422" hits="34" branch="false"/>
						<line number="423" hits="34" branch="false"/>
						<line number="426" hits="0" branch="false"/>
						<line number="430" hits="0" branch="false"/>
						<line number="431" hits="0" branch="false"/>
						<line number="434" hits="0" branch="false"/>
						<line number="438" hits="0" branch="false"/>
						<line number="439" hits="0" branch="false"/>
						<line number="442" hits="0" branch="false"/>
						<line number="446" hits="0" branch="false"/>
						<line number="447" hits="0" branch="false"/>
						<line number="450" hits="4" branch="false"/>
						<line number="454" hits="2" branch="false"/>
						<line number="455" hits="2" branch="false"/>
						<line number="458" hits="0" branch="false"/>
						<line number="462" hits="0" branch="false"/>
						<line number="463" hits="0" branch="false"/>
						<line number="466" hits="0" branch="false"/>
						<line number="470" hits="0" branch="false"/>
						<line number="471" hits="0" branch="false"/>
						<line number="474" hits="0" branch="false"/>
						<line number="478" hits="0" branch="false"/>
						<line number="479" hits="0" branch="false"/>
						<line number="482" hits="4" branch="false"/>
						<line number="486" hits="2" branch="false"/>
						<line number="487" hits="2" branch="false"/>
						<line number="490" hits="0" branch="false"/>
						<line number="494" hits="0" branch="false"/>
						<line number="495" hits="0" branch="false"/>
						<line number="498" hits="0" branch="false"/>
						<line number="502" hits="0" branch="false"/>
						<line number="503" hits="0" branch="false"/>
						<line number="506" hits="0" branch="false"/>
						<line number="510" hits="0" branch="false"/>
						<line number="511" hits="0" branch="false"/>
						<line number="514" hits="0" branch="false"/>
						<line number="518" hits="0" branch="false"/>
						<line number="519" hits="0" branch="false"/>
						<line number="522" hits="0" branch="false"/>
						<line number="526" hits="0" branch="false"/>
						<line number="527" hits="0" branch="false"/>
						<line number="530" hits="0" branch="false"/>
						<line number="534" hits="0" branch="false"/>
						<line number="535" hits="0" branch="false"/>
						<line number="538" hits="0" branch="false"/>
						<line number="542" hits="0" branch="false"/>
						<line number="543" hits="0" branch="false"/>
						<line number="546" hits="4" branch="false"/>
						<line number="550" hits="2" branch="false"/>
						<line number="551" hits="2" branch="false"/>
						<line number="554" hits="0" branch="false"/>
						<line number="558" hits="0" branch="false"/>
						<line number="559" hits="0" branch="false"/>
						<line number="562" hits="10" branch="false"/>
						<line number="566" hits="12" branch="false"/>
						<line number="567" hits="12" branch="false"/>
						<line number="570" hits="0" branch="false"/>
						<line number="574" hits="0" branch="false"/>
						<line number="575" hits="0" branch="false"/>
						<line number="578" hits="0" branch="false"/>
						<line number="582" hits="0" branch="false"/>
						<line number="583" hits="0" branch="false"/>
						<line number="586" hits="0" branch="false"/>
						<line number="590" hits="0" branch="false"/>
						<line number="591" hits="0" branch="false"/>
						<line number="594" hits="0" branch="false"/>
						<line number="598" hits="0" branch="false"/>
						<line number="599" hits="0" branch="false"/>
						<line number="602" hits="0" branch="false"/>
						<line number="606" hits="0" branch="false"/>
						<line number="607" hits="0" branch="false"/>
						<line number="610" hits="0" branch="false"/>
						<line number="614" hits="0" branch="false"/>
						<line number="615" hits="0" branch="false"/>
						<line number="618" hits="0" branch="false"/>
						<line number="622" hits="0" branch="false"/>
						<line number="623" hits="0" branch="false"/>
						<line number="626" hits="0" branch="false"/>
						<line number="630" hits="0" branch="false"/>
						<line number="631" hits="0" branch="false"/>
						<line number="634" hits="0" branch="false"/>
						<line number="638" hits="0" branch="false"/>
						<line number="639" hits="0" branch="false"/>
						<line number="642" hits="0" branch="false"/>
						<line number="646" hits="0" branch="false"/>
						<line number="647" hits="0" branch="false"/>
						<line number="650" hits="0" branch="false"/>
						<line number="654" hits="0" branch="false"/>
						<line number="655" hits="0" branch="false"/>
						<line number="658" hits="0" branch="false"/>
						<line number="662" hits="0" branch="false"/>
						<line number="663" hits="0" branch="false"/>
						<line number="666" hits="2" branch="false"/>
						<line number="670" hits="26" branch="false"/>
						<line number="671" hits="26" branch="false"/>
						<line number="674" hits="0" branch="false"/>
						<line number="678" hits="0" branch="false"/>
						<line number="679" hits="0" branch="false"/>
						<line number="682" hits="0" branch="false"/>
						<line number="686" hits="0" branch="false"/>
						<line number="687" hits="0" branch="false"/>
						<line number="690" hits="0" branch="false"/>
						<line number="694" hits="0" branch="false"/>
						<line number="695" hits="0" branch="false"/>
						<line number="698" hits="0" branch="false"/>
						<line number="702" hits="0" branch="false"/>
						<line number="703" hits="0" branch="false"/>
						<line number="706" hits="0" branch="false"/>
						<line number="710" hits="0" branch="false"/>
						<line number="711" hits="0" branch="false"/>
						<line number="714" hits="10" branch="false"/>
						<line number="718" hits="36" branch="false"/>
						<line number="719" hits="36" branch="false"/>
						<line number="722" hits="0" branch="false"/>
						<line number="726" hits="0" branch="false"/>
						<line number="727" hits="0" branch="false"/>
						<line number="730" hits="0" branch="false"/>
						<line number="734" hits="0" branch="false"/>
						<line number="735" hits="0" branch="false"/>
						<line number="738" hits="0" branch="false"/>
						<line number="742" hits="0" branch="false"/>
						<line number="743" hits="0" branch="false"/>
						<line number="746" hits="0" branch="false"/>
						<line number="750" hits="0" branch="false"/>
						<line number="751" hits="0" branch="false"/>
						<line number="754" hits="0" branch="false"/>
						<line number="758" hits="0" branch="false"/>
						<line number="759" hits="0" branch="false"/>
						<line number="762" hits="0" branch="false"/>
						<line number="766" hits="0" branch="false"/>
						<line number="767" hits="0" branch="false"/>
						<line number="770" hits="0" branch="false"/>
						<line number="774" hits="0" branch="false"/>
						<line number="775" hits="0" branch="false"/>
						<line number="778" hits="0" branch="false"/>
						<line number="782" hits="0" branch="false"/>
						<line number="783" hits="0" branch="false"/>
						<line number="786" hits="0" branch="false"/>
						<line number="790" hits="0" branch="false"/>
						<line number="791" hits="0" branch="false"/>
						<line number="794" hits="0" branch="false"/>
						<line number="798" hits="0" branch="false"/>
						<line number="799" hits="0" branch="false"/>
						<line number="802" hits="4" branch="false"/>
						<line number="806" hits="2" branch="false"/>
						<line number="807" hits="2" branch="false"/>
						<line number="810" hits="2" branch="false"/>
						<line number="814" hits="26" branch="false"/>
						<line number="815" hits="26" branch="false"/>
						<line number="818" hits="0" branch="false"/>
						<line number="822" hits="0" branch="false"/>
						<line number="823" hits="0" branch="false"/>
						<line number="826" hits="0" branch="false"/>
						<line number="830" hits="0" branch="false"/>
						<line number="831" hits="0" branch="false"/>
						<line number="834" hits="0" branch="false"/>
						<line number="838" hits="0" branch="false"/>
						<line number="839" hits="0" branch="false"/>
						<line number="842" hits="0" branch="false"/>
						<line number="846" hits="0" branch="false"/>
						<line number="847" hits="0" branch="false"/>
						<line number="850" hits="0" branch="false"/>
						<line number="854" hits="0" branch="false"/>
						<line number="855" hits="0" branch="false"/>
						<line number="858" hits="0" branch="false"/>
						<line number="862" hits="0" branch="false"/>
						<line number="863" hits="0" branch="false"/>
						<line number="866" hits="0" branch="false"/>
						<line number="870" hits="0" branch="false"/>
						<line number="871" hits="0" branch="false"/>
						<line number="874" hits="0" branch="false"/>
						<line number="878" hits="0" branch="false"/>
						<line number="879" hits="0" branch="false"/>
						<line number="882" hits="8" branch="false"/>
						<line number="886" hits="14" branch="false"/>
						<line number="887" hits="14" branch="false"/>
						<line number="890" hits="0" branch="false"/>
						<line number="894" hits="0" branch="false"/>
						<line number="895" hits="0" branch="false"/>
						<line number="898" hits="2" branch="false"/>
						<line number="902" hits="26" branch="false"/>
						<line number="903" hits="26" branch="false"/>
						<line number="906" hits="0" branch="false"/>
						<line number="910" hits="0" branch="false"/>
						<line number="911" hits="0" branch="false"/>
						<line number="914" hits="0" branch="false"/>
						<line number="918" hits="0" branch="false"/>
						<line number="919" hits="0" branch="false"/>
						<line number="922" hits="0" branch="false"/>
						<line number="926" hits="0" branch="false"/>
						<line number="927" hits="0" branch="false"/>
						<line number="930" hits="0" branch="false"/>
						<line number="934" hits="0" branch="false"/>
						<line number="935" hits="0" branch="false"/>
						<line number="938" hits="0" branch="false"/>
						<line number="942" hits="0" branch="false"/>
						<line number="943" hits="0" branch="false"/>
						<line number="946" hits="0" branch="false"/>
						<line number="950" hits="0" branch="false"/>
						<line number="951" hits="0" branch="false"/>
						<line number="954" hits="0" branch="false"/>
						<line number="958" hits="0" branch="false"/>
						<line number="959" hits="0" branch="false"/>
						<line number="962" hits="0" branch="false"/>
						<line number="966" hits="0" branch="false"/>
						<line number="967" hits="0" branch="false"/>
						<line number="970" hits="0" branch="false"/>
						<line number="974" hits="0" branch="false"/>
						<line number="975" hits="0" branch="false"/>
						<line number="978" hits="0" branch="false"/>
						<line number="982" hits="0" branch="false"/>
						<line number="983" hits="0" branch="false"/>
						<line number="986" hits="0" branch="false"/>
						<line number="990" hits="0" branch="false"/>
						<line number="991" hits="0" branch="false"/>
						<line number="994" hits="0" branch="false"/>
						<line number="998" hits="0" branch="false"/>
						<line number="999" hits="0" branch="false"/>
						<line number="1002" hits="0" branch="false"/>
						<line number="1006" hits="0" branch="false"/>
						<line number="1007" hits="0" branch="false"/>
						<line number="1010" hits="0" branch="false"/>
						<line number="1014" hits="0" branch="false"/>
						<line number="1015" hits="0" branch="false"/>
						<line number="1018" hits="2" branch="false"/>
						<line number="1022" hits="26" branch="false"/>
						<line number="1023" hits="26" branch="false"/>
						<line number="1026" hits="0" branch="false"/>
						<line number="1030" hits="0" branch="false"/>
						<line number="1031" hits="0" branch="false"/>
						<line number="1034" hits="0" branch="false"/>
						<line number="1038" hits="0" branch="false"/>
						<line number="1039" hits="0" branch="false"/>
						<line number="1042" hits="0" branch="false"/>
						<line number="1046" hits="0" branch="false"/>
						<line number="1047" hits="0" branch="false"/>
						<line number="1050" hits="2" branch="false"/>
						<line number="1054" hits="26" branch="false"/>
						<line number="1055" hits="26" branch="false"/>
						<line number="1058" hits="0" branch="false"/>
						<line number="1062" hits="0" branch="false"/>
						<line number="1063" hits="0" branch="false"/>
						<line number="1066" hits="0" branch="false"/>
						<line number="1070" hits="0" branch="false"/>
						<line number="1071" hits="0" branch="false"/>
						<line number="1074" hits="0" branch="false"/>
						<line number="1078" hits="0" branch="false"/>
						<line number="1079" hits="0" branch="false"/>
						<line number="1082" hits="0" branch="false"/>
						<line number="1086" hits="0" branch="false"/>
						<line number="1087" hits="0" branch="false"/>
						<line number="1090" hits="0" branch="false"/>
						<line number="1094" hits="0" branch="false"/>
						<line number="1095" hits="0" branch="false"/>
						<line number="1098" hits="0" branch="false"/>
						<line number="1102" hits="0" branch="false"/>
						<line number="1103" hits="0" branch="false"/>
						<line number="1106" hits="0" branch="false"/>
						<line number="1110" hits="0" branch="false"/>
						<line number="1111" hits="0" branch="false"/>
						<line number="1114" hits="0" branch="false"/>
						<line number="1118" hits="0" branch="false"/>
						<line number="1119" hits="0" branch="false"/>
						<line number="1122" hits="0" branch="false"/>
						<line number="1126" hits="0" branch="false"/>
						<line number="1127" hits="0" branch="false"/>
						<line number="1130" hits="0" branch="false"/>
						<line number="1134" hits="0" branch="false"/>
						<line number="1135" hits="0" branch="false"/>
						<line number="1138" hits="0" branch="false"/>
						<line number="1142" hits="0" branch="false"/>
						<line number="1143" hits="0" branch="false"/>
						<line number="1146" hits="0" branch="false"/>
						<line number="1150" hits="0" branch="false"/>
						<line number="1151" hits="0" branch="false"/>
						<line number="1154" hits="0" branch="false"/>
						<line number="1158" hits="0" branch="false"/>
						<line number="1159" hits="0" branch="false"/>
						<line number="1162" hits="10" branch="false"/>
						<line number="1166" hits="36" branch="false"/>
						<line number="1167" hits="36" branch="false"/>
						<line number="1170" hits="0" branch="false"/>
						<line number="1174" hits="0" branch="false"/>
						<line number="1175" hits="0" branch="false"/>
						<line number="1178" hits="0" branch="false"/>
						<line number="1182" hits="0" branch="false"/>
						<line number="1183" hits="0" branch="false"/>
						<line number="1186" hits="0" branch="false"/>
						<line number="1190" hits="0" branch="false"/>
						<line number="1191" hits="0" branch="false"/>
						<line number="1194" hits="0" branch="false"/>
						<line number="1198" hits="0" branch="false"/>
						<line number="1199" hits="0" branch="false"/>
						<line number="1202" hits="0" branch="false"/>
						<line number="1206" hits="0" branch="false"/>
						<line number="1207" hits="0" branch="false"/>
						<line number="1210" hits="8" branch="false"/>
						<line number="1214" hits="14" branch="false"/>
						<line number="1215" hits="14" branch="false"/>
						<line number="1218" hits="4" branch="false"/>
						<line number="1222" hits="6" branch="false"/>
[...]
						<line number="167" hits="2" branch="false"/>
						<line number="168" hits="2" branch="false"/>
						<line number="171" hits="2" branch="false"/>
						<line number="173" hits="2" branch="false"/>
						<line number="174" hits="2" branch="true" condition-coverage="100% (2/2)">
							<conditions>
								<condition number="0" type="jump" coverage="100%"/>
							</conditions>
						</line>
						<line number="175" hits="8" branch="false"/>
						<line number="176" hits="8" branch="false"/>
						<line number="177" hits="2" branch="false"/>
						<line number="178" hits="2" branch="false"/>
						<line number="180" hits="2" branch="false"/>
						<line number="181" hits="2" branch="false"/>
						<line number="183" hits="2" branch="false"/>
						<line number="185" hits="2" branch="false"/>
						<line number="186" hits="2" branch="false"/>
						<line number="189" hits="2" branch="false"/>
						<line number="190" hits="2" branch="false"/>
						<line number="191" hits="2" branch="false"/>
						<line number="193" hits="2" branch="false"/>
						<line number="194" hits="2" branch="false"/>
						<line number="196" hits="2" branch="false"/>
						<line number="197" hits="2" branch="false"/>
						<line number="198" hits="2" branch="false"/>
						<line number="201" hits="2" branch="false"/>
						<line number="202" hits="2" branch="false"/>
						<line number="203" hits="2" branch="false"/>
						<line number="204" hits="2" branch="false"/>
						<line number="205" hits="2" branch="false"/>
						<line number="206" hits="2" branch="false"/>
						<line number="207" hits="2" branch="false"/>
						<line number="209" hits="2" branch="false"/>
						<line number="210" hits="2" branch="false"/>
						<line number="211" hits="2" branch="false"/>
						<line number="213" hits="2" branch="false"/>
						<line number="215" hits="2" branch="true" condition-coverage="50% (1/2)">
							<conditions>
								<condition number="0" type="jump" coverage="50%"/>
							</conditions>
						</line>
						<line number="216" hits="2" branch="false"/>
						<line number="217" hits="2" branch="false"/>
						<line number="218" hits="2" branch="false"/>
						<line number="219" hits="0" branch="false"/>
						<line number="222" hits="4" branch="false"/>
						<line number="223" hits="2" branch="false"/>
						<line number="225" hits="2" branch="false"/>
						<line number="226" hits="2" branch="false"/>
						<line number="227" hits="2" branch="false"/>
						<line number="228" hits="2" branch="false"/>
						<line number="229" hits="2" branch="false"/>
						<line number="231" hits="2" branch="false"/>
						<line number="234" hits="2" branch="false"/>
						<line number="235" hits="2" branch="false"/>
						<line number="236" hits="2" branch="false"/>
						<line number="237" hits="2" branch="false"/>
						<line number="239" hits="2" branch="false"/>
						<line number="240" hits="2" branch="false"/>
						<line number="242" hits="2" branch="false"/>
						<line number="243" hits="2" branch="true" condition-coverage="50% (1/2)">
							<conditions>
								<condition number="0" type="jump" coverage="50%"/>
							</conditions>
						</line>
						<line number="245" hits="2" branch="false"/>
						<line number="248" hits="2" branch="false"/>
						<line number="252" hits="2" branch="false"/>
						<line number="255" hits="2" branch="false"/>
						<line number="256" hits="44" branch="true" condition-coverage="100% (2/2)">
							<conditions>
								<condition number="0" type="jump" coverage="100%"/>
							</conditions>
						</line>
						<line number="257" hits="42" branch="true" condition-coverage="100% (4/4)">
							<conditions>
								<condition number="0" type="jump" coverage="100%"/>
								<condition number="1" type="jump" coverage="100%"/>
							</conditions>
						</line>
						<line number="259" hits="38" branch="false"/>
						<line number="260" hits="4" branch="true" condition-coverage="100% (2/2)">
							<conditions>
								<condition number="0" type="jump" coverage="100%"/>
							</conditions>
						</line>
						<line number="262" hits="2" branch="false"/>
						<line number="263" hits="2" branch="true" condition-coverage="50% (1/2)">
							<conditions>
								<condition number="0" type="jump" coverage="50%"/>
							</conditions>
						</line>
						<line number="265" hits="2" branch="false"/>
						<line number="269" hits="2" branch="false"/>
						<line number="270" hits="2" branch="false"/>
						<line number="416" hits="0" branch="false"/>
						<line number="417" hits="0" branch="false"/>
						<line number="418" hits="0" branch="false"/>
						<line number="420" hits="0" branch="false"/>
						<line number="421" hits="0" branch="false"/>
						<line number="422" hits="0" branch="false"/>
						<line number="424" hits="0" branch="true" condition-coverage="0% (0/2)">
							<conditions>
								<condition number="0" type="jump" coverage="0%"/>
							</conditions>
						</line>
						<line number="425" hits="0" branch="false"/>
						<line number="426" hits="0" branch="false"/>
						<line number="428" hits="0" branch="false"/>
						<line number="429" hits="0" branch="false"/>
						<line number="430" hits="0" branch="false"/>
						<line number="432" hits="0" branch="false"/>
						<line number="433" hits="0" branch="false"/>
						<line number="434" hits="0" branch="false"/>
						<line number="437" hits="0" branch="false"/>
						<line number="438" hits="0" branch="false"/>
						<line number="439" hits="0" branch="false"/>
						<line number="441" hits="0" branch="false"/>
						<line number="444" hits="0" branch="false"/>
						<line number="449" hits="0" branch="false"/>
						<line number="450" hits="0" branch="false"/>
						<line number="451" hits="0" branch="false"/>
						<line number="452" hits="0" branch="false"/>
						<line number="453" hits="0" branch="false"/>
						<line number="454" hits="0" branch="false"/>
						<line number="455" hits="0" branch="false"/>
						<line number="456" hits="0" branch="false"/>
						<line number="458" hits="0" branch="false"/>
						<line number="459" hits="0" branch="false"/>
						<line number="460" hits="0" branch="false"/>
						<line number="461" hits="0" branch="false"/>
						<line number="462" hits="0" branch="false"/>
						<line number="463" hits="0" branch="false"/>
						<line number="464" hits="0" branch="false"/>
						<line number="465" hits="0" branch="false"/>
						<line number="466" hits="0" branch="false"/>
						<line number="468" hits="0" branch="false"/>
						<line number="470" hits="0" branch="false"/>
						<line number="471" hits="0" branch="false"/>
						<line number="474" hits="0" branch="false"/>
						<line number="475" hits="0" branch="false"/>
						<line number="476" hits="0" branch="false"/>
						<line number="477" hits="0" branch="false"/>
						<line number="479" hits="0" branch="true" condition-coverage="0% (0/2)">
							<conditions>
								<condition number="0" type="jump" coverage="0%"/>
							</conditions>
						</line>
						<line number="480" hits="0" branch="false"/>
						<line number="483" hits="0" branch="false"/>
						<line number="484" hits="0" branch="false"/>
						<line number="488" hits="0" branch="false"/>
						<line number="496" hits="0" branch="false"/>
						<line number="499" hits="18" branch="false"/>
						<line number="500" hits="18" branch="false"/>
						<line number="502" hits="44" branch="false"/>
						<line number="505" hits="24" branch="false"/>
						<line number="506" hits="24" branch="false"/>
					</lines>
				</class>
				<class name="au.com.integraltech.ovs.web.service.BuildPlanFormService" filename="au/com/integraltech/ovs/web/service/BuildPlanFormService.java" line-rate="0.014285714285714285" branch-rate="0.0" complexity="12.0">
					<methods>
						<method name="&lt;init&gt;" signature="()V" line-rate="1.0" branch-rate="1.0" complexity="0">
							<lines>
								<line number="24" hits="2" branch="false"/>
							</lines>
						</method>
						<method name="saveAndFlush" signature="(Lau/com/integraltech/ovs/web/model/BuildPlanForm;)Ljava/lang/Integer;" line-rate="0.0" branch-rate="0.0" complexity="0">
							<lines>
								<line number="52" hits="0" branch="false"/>
								<line number="56" hits="0" branch="false"/>
								<line number="58" hits="0" branch="false"/>
								<line number="59" hits="0" branch="false"/>
								<line number="64" hits="0" branch="false"/>
								<line number="66" hits="0" branch="true" condition-coverage="0% (0/2)">
									<conditions>
										<condition number="0" type="jump" coverage="0%"/>
									</conditions>
								</line>
								<line number="67" hits="0" branch="false"/>
								<line number="70" hits="0" branch="false"/>
								<line number="72" hits="0" branch="false"/>
								<line number="74" hits="0" branch="false"/>
								<line number="75" hits="0" branch="false"/>
								<line number="76" hits="0" branch="false"/>
								<line number="77" hits="0" branch="false"/>
								<line number="78" hits="0" branch="false"/>
								<line number="79" hits="0" branch="false"/>
								<line number="81" hits="0" branch="false"/>
								<line number="83" hits="0" branch="false"/>
								<line number="84" hits="0" branch="false"/>
								<line number="86" hits="0" branch="false"/>
								<line number="88" hits="0" branch="false"/>
								<line number="89" hits="0" branch="false"/>
								<line number="91" hits="0" branch="false"/>
								<line number="94" hits="0" branch="false"/>
								<line number="95" hits="0" branch="false"/>
								<line number="96" hits="0" branch="false"/>
								<line number="97" hits="0" branch="false"/>
								<line number="98" hits="0" branch="false"/>
								<line number="99" hits="0" branch="false"/>
								<line number="100" hits="0" branch="false"/>
								<line number="101" hits="0" branch="false"/>
								<line number="102" hits="0" branch="false"/>
								<line number="107" hits="0" branch="false"/>
								<line number="125" hits="0" branch="false"/>
								<line number="128" hits="0" branch="false"/>
								<line number="129" hits="0" branch="false"/>
								<line number="132" hits="0" branch="false"/>
								<line number="133" hits="0" branch="false"/>
								<line number="134" hits="0" branch="false"/>
								<line number="135" hits="0" branch="false"/>
								<line number="136" hits="0" branch="false"/>
								<line number="137" hits="0" branch="false"/>
								<line number="138" hits="0" branch="false"/>
								<line number="139" hits="0" branch="false"/>
								<line number="140" hits="0" branch="false"/>
								<line number="141" hits="0" branch="false"/>
								<line number="142" hits="0" branch="false"/>
								<line number="143" hits="0" branch="false"/>
								<line number="144" hits="0" branch="false"/>
								<line number="145" hits="0" branch="false"/>
								<line number="146" hits="0" branch="false"/>
								<line number="147" hits="0" branch="false"/>
								<line number="150" hits="0" branch="false"/>
								<line number="151" hits="0" branch="false"/>
								<line number="152" hits="0" branch="false"/>
								<line number="154" hits="0" branch="true" condition-coverage="0% (0/2)">
									<conditions>
										<condition number="0" type="jump" coverage="0%"/>
									</conditions>
								</line>
								<line number="155" hits="0" branch="false"/>
								<line number="156" hits="0" branch="false"/>
								<line number="157" hits="0" branch="false"/>
								<line number="159" hits="0" branch="false"/>
								<line number="161" hits="0" branch="false"/>
								<line number="163" hits="0" branch="false"/>
								<line number="165" hits="0" branch="false"/>
								<line number="167" hits="0" branch="false"/>
								<line number="168" hits="0" branch="false"/>
								<line number="171" hits="0" branch="false"/>
								<line number="172" hits="0" branch="false"/>
								<line number="174" hits="0" branch="false"/>
								<line number="175" hits="0" branch="false"/>
								<line number="178" hits="0" branch="false"/>
							</lines>
						</method>
					</methods>
					<lines>
						<line number="24" hits="2" branch="false"/>
						<line number="52" hits="0" branch="false"/>
						<line number="56" hits="0" branch="false"/>
						<line number="58" hits="0" branch="false"/>
						<line number="59" hits="0" branch="false"/>
						<line number="64" hits="0" branch="false"/>
						<line number="66" hits="0" branch="true" condition-coverage="0% (0/2)">
							<conditions>
								<condition number="0" type="jump" coverage="0%"/>
							</conditions>
						</line>
						<line number="67" hits="0" branch="false"/>
						<line number="70" hits="0" branch="false"/>
						<line number="72" hits="0" branch="false"/>
						<line number="74" hits="0" branch="false"/>
						<line number="75" hits="0" branch="false"/>
						<line number="76" hits="0" branch="false"/>
						<line number="77" hits="0" branch="false"/>
						<line number="78" hits="0" branch="false"/>
						<line number="79" hits="0" branch="false"/>
						<line number="81" hits="0" branch="false"/>
						<line number="83" hits="0" branch="false"/>
						<line number="84" hits="0" branch="false"/>
						<line number="86" hits="0" branch="false"/>
						<line number="88" hits="0" branch="false"/>
						<line number="89" hits="0" branch="false"/>
						<line number="91" hits="0" branch="false"/>
						<line number="94" hits="0" branch="false"/>
						<line number="95" hits="0" branch="false"/>
						<line number="96" hits="0" branch="false"/>
						<line number="97" hits="0" branch="false"/>
						<line number="98" hits="0" branch="false"/>
						<line number="99" hits="0" branch="false"/>
						<line number="100" hits="0" branch="false"/>
						<line number="101" hits="0" branch="false"/>
						<line number="102" hits="0" branch="false"/>
						<line number="107" hits="0" branch="false"/>
						<line number="125" hits="0" branch="false"/>
						<line number="128" hits="0" branch="false"/>
						<line number="129" hits="0" branch="false"/>
						<line number="132" hits="0" branch="false"/>
						<line number="133" hits="0" branch="false"/>
						<line number="134" hits="0" branch="false"/>
						<line number="135" hits="0" branch="false"/>
						<line number="136" hits="0" branch="false"/>
						<line number="137" hits="0" branch="false"/>
						<line number="138" hits="0" branch="false"/>
						<line number="139" hits="0" branch="false"/>
						<line number="140" hits="0" branch="false"/>
						<line number="141" hits="0" branch="false"/>
						<line number="142" hits="0" branch="false"/>
						<line number="143" hits="0" branch="false"/>
						<line number="144" hits="0" branch="false"/>
						<line number="145" hits="0" branch="false"/>
						<line number="146" hits="0" branch="false"/>
						<line number="147" hits="0" branch="false"/>
						<line number="150" hits="0" branch="false"/>
						<line number="151" hits="0" branch="false"/>
						<line number="152" hits="0" branch="false"/>
						<line number="154" hits="0" branch="true" condition-coverage="0% (0/2)">
							<conditions>
								<condition number="0" type="jump" coverage="0%"/>
							</conditions>
						</line>
						<line number="155" hits="0" branch="false"/>
						<line number="156" hits="0" branch="false"/>
						<line number="157" hits="0" branch="false"/>
						<line number="159" hits="0" branch="false"/>
						<line number="161" hits="0" branch="false"/>
						<line number="163" hits="0" branch="false"/>
						<line number="165" hits="0" branch="false"/>
						<line number="167" hits="0" branch="false"/>
						<line number="168" hits="0" branch="false"/>
						<line number="171" hits="0" branch="false"/>
						<line number="172" hits="0" branch="false"/>
						<line number="174" hits="0" branch="false"/>
						<line number="175" hits="0" branch="false"/>
						<line number="178" hits="0" branch="false"/>
					</lines>
				</class>
			</classes>
		</package>
		<package name="au.com.integraltech.ovs.web.util" line-rate="0.0" branch-rate="1.0" complexity="1.1428571428571428">
			<classes>
				<class name="au.com.integraltech.ovs.web.util.GenericResponse" filename="au/com/integraltech/ovs/web/util/GenericResponse.java" line-rate="0.0" branch-rate="1.0" complexity="1.1428571428571428">
					<methods>
						<method name="&lt;init&gt;" signature="(Ljava/lang/String;)V" line-rate="0.0" branch-rate="1.0" complexity="0">
							<lines>
								<line number="16" hits="0" branch="false"/>
								<line number="17" hits="0" branch="false"/>
								<line number="18" hits="0" branch="false"/>
							</lines>
						</method>
						<method name="&lt;init&gt;" signature="(Ljava/lang/String;Ljava/lang/String;)V" line-rate="0.0" branch-rate="1.0" complexity="0">
							<lines>
								<line number="21" hits="0" branch="false"/>
								<line number="22" hits="0" branch="false"/>
								<line number="23" hits="0" branch="false"/>
								<line number="24" hits="0" branch="false"/>
							</lines>
						</method>
						<method name="&lt;init&gt;" signature="(Ljava/util/List;Ljava/util/List;)V" line-rate="0.0" branch-rate="1.0" complexity="0">
							<lines>
								<line number="27" hits="0" branch="false"/>
								<line number="28" hits="0" branch="false"/>
								<line number="30" hits="0" branch="false"/>
								<line number="31" hits="0" branch="false"/>
								<line number="32" hits="0" branch="false"/>
								<line number="33" hits="0" branch="false"/>
								<line number="34" hits="0" branch="false"/>
								<line number="35" hits="0" branch="false"/>
								<line number="36" hits="0" branch="false"/>
							</lines>
						</method>
						<method name="getError" signature="()Ljava/lang/String;" line-rate="0.0" branch-rate="1.0" complexity="0">
							<lines>
								<line number="47" hits="0" branch="false"/>
							</lines>
						</method>
						<method name="getMessage" signature="()Ljava/lang/String;" line-rate="0.0" branch-rate="1.0" complexity="0">
							<lines>
								<line number="39" hits="0" branch="false"/>
							</lines>
						</method>
						<method name="setError" signature="(Ljava/lang/String;)V" line-rate="0.0" branch-rate="1.0" complexity="0">
							<lines>
								<line number="51" hits="0" branch="false"/>
								<line number="52" hits="0" branch="false"/>
							</lines>
						</method>
						<method name="setMessage" signature="(Ljava/lang/String;)V" line-rate="0.0" branch-rate="1.0" complexity="0">
							<lines>
								<line number="43" hits="0" branch="false"/>
								<line number="44" hits="0" branch="false"/>
							</lines>
						</method>
					</methods>
					<lines>
						<line number="16" hits="0" branch="false"/>
						<line number="17" hits="0" branch="false"/>
						<line number="18" hits="0" branch="false"/>
						<line number="21" hits="0" branch="false"/>
						<line number="22" hits="0" branch="false"/>
						<line number="23" hits="0" branch="false"/>
						<line number="24" hits="0" branch="false"/>
						<line number="27" hits="0" branch="false"/>
						<line number="28" hits="0" branch="false"/>
						<line number="30" hits="0" branch="false"/>
						<line number="31" hits="0" branch="false"/>
						<line number="32" hits="0" branch="false"/>
						<line number="33" hits="0" branch="false"/>
						<line number="34" hits="0" branch="false"/>
						<line number="35" hits="0" branch="false"/>
						<line number="36" hits="0" branch="false"/>
						<line number="39" hits="0" branch="false"/>
						<line number="43" hits="0" branch="false"/>
						<line number="44" hits="0" branch="false"/>
						<line number="47" hits="0" branch="false"/>
						<line number="51" hits="0" branch="false"/>
						<line number="52" hits="0" branch="false"/>
					</lines>
				</class>
			</classes>
		</package>
	</packages>
</coverage>
